2024-11-26 03:12:11,601 - BigMongoData - INFO - [app.py:149] - Iniciando aplicación BigMongoData...
2024-11-26 03:12:11,601 - BigMongoData - INFO - [app.py:39] - Iniciando conexión con MongoDB...
2024-11-26 03:12:11,742 - BigMongoData - INFO - [app.py:44] - Comenzando creación de índices en MongoDB...
2024-11-26 03:12:13,422 - BigMongoData - INFO - [app.py:57] - Índices creados correctamente
2024-11-26 03:12:13,538 - BigMongoData - INFO - [app.py:68] - Iniciando conexión con Neo4j...
2024-11-26 03:12:13,539 - BigMongoData - INFO - [app.py:71] - <neo4j._sync.driver.Neo4jDriver object at 0x0000027D7F6AB620>
2024-11-26 03:12:14,118 - BigMongoData - INFO - [app.py:76] - Verificación de conectividad exitosa
2024-11-26 03:12:14,182 - BigMongoData - INFO - [app.py:83] - Prueba de consulta exitosa
2024-11-26 03:12:14,182 - BigMongoData - INFO - [app.py:167] - Iniciando servidor Flask...
2024-11-26 03:12:14,280 - werkzeug - INFO - [_internal.py:96] - [31m[1mWARNING: This is a development server. Do not use it in a production deployment. Use a production WSGI server instead.[0m
 * Running on http://127.0.0.1:5000
2024-11-26 03:12:14,281 - werkzeug - INFO - [_internal.py:96] - [33mPress CTRL+C to quit[0m
2024-11-26 03:12:14,291 - BigMongoData - INFO - [app.py:170] - Cerrando conexiones...
2024-11-26 03:13:03,384 - BigMongoData - INFO - [app.py:149] - Iniciando aplicación BigMongoData...
2024-11-26 03:13:03,384 - BigMongoData - INFO - [app.py:39] - Iniciando conexión con MongoDB...
2024-11-26 03:13:03,525 - BigMongoData - INFO - [app.py:44] - Comenzando creación de índices en MongoDB...
2024-11-26 03:13:05,119 - BigMongoData - INFO - [app.py:57] - Índices creados correctamente
2024-11-26 03:13:05,236 - BigMongoData - INFO - [app.py:68] - Iniciando conexión con Neo4j...
2024-11-26 03:13:05,236 - BigMongoData - INFO - [app.py:71] - <neo4j._sync.driver.Neo4jDriver object at 0x0000014423CE3050>
2024-11-26 03:13:05,954 - BigMongoData - INFO - [app.py:76] - Verificación de conectividad exitosa
2024-11-26 03:13:06,018 - BigMongoData - INFO - [app.py:83] - Prueba de consulta exitosa
2024-11-26 03:13:06,019 - BigMongoData - INFO - [app.py:167] - Iniciando servidor Flask...
2024-11-26 03:13:06,036 - werkzeug - INFO - [_internal.py:96] - [31m[1mWARNING: This is a development server. Do not use it in a production deployment. Use a production WSGI server instead.[0m
 * Running on http://127.0.0.1:5000
2024-11-26 03:13:06,036 - werkzeug - INFO - [_internal.py:96] - [33mPress CTRL+C to quit[0m
2024-11-26 03:13:06,037 - BigMongoData - INFO - [app.py:170] - Cerrando conexiones...
2024-11-26 03:17:01,361 - BigMongoData - INFO - [app.py:149] - Iniciando aplicación BigMongoData...
2024-11-26 03:17:01,361 - BigMongoData - INFO - [app.py:39] - Iniciando conexión con MongoDB...
2024-11-26 03:17:01,448 - BigMongoData - INFO - [app.py:44] - Comenzando creación de índices en MongoDB...
2024-11-26 03:17:03,041 - BigMongoData - INFO - [app.py:57] - Índices creados correctamente
2024-11-26 03:17:03,156 - BigMongoData - INFO - [app.py:68] - Iniciando conexión con Neo4j...
2024-11-26 03:17:03,157 - BigMongoData - INFO - [app.py:71] - <neo4j._sync.driver.Neo4jDriver object at 0x0000023FBFAA0B30>
2024-11-26 03:17:03,649 - BigMongoData - INFO - [app.py:76] - Verificación de conectividad exitosa
2024-11-26 03:17:03,707 - BigMongoData - INFO - [app.py:83] - Prueba de consulta exitosa
2024-11-26 03:17:03,712 - BigMongoData - INFO - [app.py:167] - Iniciando servidor Flask...
2024-11-26 03:17:03,726 - werkzeug - INFO - [_internal.py:96] - [31m[1mWARNING: This is a development server. Do not use it in a production deployment. Use a production WSGI server instead.[0m
 * Running on http://127.0.0.1:5000
2024-11-26 03:17:03,726 - werkzeug - INFO - [_internal.py:96] - [33mPress CTRL+C to quit[0m
2024-11-26 03:17:03,729 - BigMongoData - INFO - [app.py:170] - Cerrando conexiones...
2024-11-26 03:27:37,394 - BigMongoData - INFO - [app.py:149] - Iniciando aplicación BigMongoData...
2024-11-26 03:27:37,395 - BigMongoData - INFO - [app.py:39] - Iniciando conexión con MongoDB...
2024-11-26 03:27:37,502 - BigMongoData - INFO - [app.py:44] - Comenzando creación de índices en MongoDB...
2024-11-26 03:27:39,144 - BigMongoData - INFO - [app.py:57] - Índices creados correctamente
2024-11-26 03:27:39,259 - BigMongoData - INFO - [app.py:68] - Iniciando conexión con Neo4j...
2024-11-26 03:27:39,260 - BigMongoData - INFO - [app.py:71] - <neo4j._sync.driver.Neo4jDriver object at 0x00000170557D2A20>
2024-11-26 03:27:39,779 - BigMongoData - INFO - [app.py:76] - Verificación de conectividad exitosa
2024-11-26 03:27:39,843 - BigMongoData - INFO - [app.py:83] - Prueba de consulta exitosa
2024-11-26 03:27:39,843 - BigMongoData - INFO - [app.py:167] - Iniciando servidor Flask...
2024-11-26 03:27:39,931 - werkzeug - INFO - [_internal.py:96] - [31m[1mWARNING: This is a development server. Do not use it in a production deployment. Use a production WSGI server instead.[0m
 * Running on http://127.0.0.1:5000
2024-11-26 03:27:39,932 - werkzeug - INFO - [_internal.py:96] - [33mPress CTRL+C to quit[0m
2024-11-26 03:27:40,053 - werkzeug - INFO - [_internal.py:96] -  * Restarting with watchdog (windowsapi)
2024-11-26 03:27:42,872 - BigMongoData - INFO - [app.py:149] - Iniciando aplicación BigMongoData...
2024-11-26 03:27:42,872 - BigMongoData - INFO - [app.py:39] - Iniciando conexión con MongoDB...
2024-11-26 03:27:42,963 - BigMongoData - INFO - [app.py:44] - Comenzando creación de índices en MongoDB...
2024-11-26 03:27:44,700 - BigMongoData - INFO - [app.py:57] - Índices creados correctamente
2024-11-26 03:27:44,816 - BigMongoData - INFO - [app.py:68] - Iniciando conexión con Neo4j...
2024-11-26 03:27:44,817 - BigMongoData - INFO - [app.py:71] - <neo4j._sync.driver.Neo4jDriver object at 0x00000276ABC4AA20>
2024-11-26 03:27:45,233 - BigMongoData - INFO - [app.py:76] - Verificación de conectividad exitosa
2024-11-26 03:27:45,291 - BigMongoData - INFO - [app.py:83] - Prueba de consulta exitosa
2024-11-26 03:27:45,292 - BigMongoData - INFO - [app.py:167] - Iniciando servidor Flask...
2024-11-26 03:27:45,303 - werkzeug - WARNING - [_internal.py:96] -  * Debugger is active!
2024-11-26 03:27:45,308 - werkzeug - INFO - [_internal.py:96] -  * Debugger PIN: 116-940-259
2024-11-26 03:27:52,477 - werkzeug - INFO - [_internal.py:96] -  * Detected change in 'C:\\Users\\JsBeltran\\AppData\\Local\\Packages\\PythonSoftwareFoundation.Python.3.12_qbz5n2kfra8p0\\LocalCache\\local-packages\\Python312\\site-packages\\flask\\app.py', reloading
2024-11-26 03:27:52,490 - werkzeug - INFO - [_internal.py:96] -  * Detected change in 'C:\\Users\\JsBeltran\\AppData\\Local\\Packages\\PythonSoftwareFoundation.Python.3.12_qbz5n2kfra8p0\\LocalCache\\local-packages\\Python312\\site-packages\\werkzeug\\debug\\__init__.py', reloading
2024-11-26 03:27:52,502 - werkzeug - INFO - [_internal.py:96] -  * Detected change in 'C:\\Users\\JsBeltran\\AppData\\Local\\Packages\\PythonSoftwareFoundation.Python.3.12_qbz5n2kfra8p0\\LocalCache\\local-packages\\Python312\\site-packages\\werkzeug\\serving.py', reloading
2024-11-26 03:27:52,559 - BigMongoData - INFO - [app.py:170] - Cerrando conexiones...
2024-11-26 03:27:53,628 - BigMongoData - INFO - [app.py:120] - Conexión MongoDB verificada
2024-11-26 03:27:54,084 - BigMongoData - INFO - [app.py:133] - Conexión Neo4j verificada
2024-11-26 03:27:54,084 - BigMongoData - INFO - [app.py:138] - Estado de conexiones - MongoDB: True, Neo4j: True
2024-11-26 03:27:54,085 - BigMongoData - INFO - [app.py:101] - Acceso a la página principal
2024-11-26 03:27:54,126 - werkzeug - INFO - [_internal.py:96] - 127.0.0.1 - - [26/Nov/2024 03:27:54] "GET / HTTP/1.1" 200 -
2024-11-26 03:27:54,653 - werkzeug - INFO - [_internal.py:96] -  * Restarting with watchdog (windowsapi)
2024-11-26 03:27:57,620 - BigMongoData - INFO - [app.py:149] - Iniciando aplicación BigMongoData...
2024-11-26 03:27:57,620 - BigMongoData - INFO - [app.py:39] - Iniciando conexión con MongoDB...
2024-11-26 03:27:57,789 - BigMongoData - INFO - [app.py:44] - Comenzando creación de índices en MongoDB...
2024-11-26 03:27:59,377 - BigMongoData - INFO - [app.py:57] - Índices creados correctamente
2024-11-26 03:27:59,493 - BigMongoData - INFO - [app.py:68] - Iniciando conexión con Neo4j...
2024-11-26 03:27:59,494 - BigMongoData - INFO - [app.py:71] - <neo4j._sync.driver.Neo4jDriver object at 0x000001D75A0D08C0>
2024-11-26 03:27:59,937 - BigMongoData - INFO - [app.py:76] - Verificación de conectividad exitosa
2024-11-26 03:27:59,999 - BigMongoData - INFO - [app.py:83] - Prueba de consulta exitosa
2024-11-26 03:28:00,001 - BigMongoData - INFO - [app.py:167] - Iniciando servidor Flask...
2024-11-26 03:28:00,010 - werkzeug - WARNING - [_internal.py:96] -  * Debugger is active!
2024-11-26 03:28:00,021 - werkzeug - INFO - [_internal.py:96] -  * Debugger PIN: 116-940-259
2024-11-26 03:28:01,261 - BigMongoData - INFO - [app.py:120] - Conexión MongoDB verificada
2024-11-26 03:28:01,272 - BigMongoData - INFO - [app.py:120] - Conexión MongoDB verificada
2024-11-26 03:28:01,287 - BigMongoData - INFO - [app.py:120] - Conexión MongoDB verificada
2024-11-26 03:28:01,349 - BigMongoData - INFO - [app.py:120] - Conexión MongoDB verificada
2024-11-26 03:28:01,354 - BigMongoData - INFO - [app.py:120] - Conexión MongoDB verificada
2024-11-26 03:28:01,749 - BigMongoData - INFO - [app.py:133] - Conexión Neo4j verificada
2024-11-26 03:28:01,750 - BigMongoData - INFO - [app.py:138] - Estado de conexiones - MongoDB: True, Neo4j: True
2024-11-26 03:28:01,751 - werkzeug - INFO - [_internal.py:96] - 127.0.0.1 - - [26/Nov/2024 03:28:01] "[33mGET /static/js/graph-viewer.js HTTP/1.1[0m" 404 -
2024-11-26 03:28:01,775 - BigMongoData - INFO - [app.py:133] - Conexión Neo4j verificada
2024-11-26 03:28:01,775 - BigMongoData - INFO - [app.py:138] - Estado de conexiones - MongoDB: True, Neo4j: True
2024-11-26 03:28:01,796 - BigMongoData - INFO - [app.py:133] - Conexión Neo4j verificada
2024-11-26 03:28:01,796 - BigMongoData - INFO - [app.py:133] - Conexión Neo4j verificada
2024-11-26 03:28:01,798 - BigMongoData - INFO - [app.py:138] - Estado de conexiones - MongoDB: True, Neo4j: True
2024-11-26 03:28:01,799 - werkzeug - INFO - [_internal.py:96] - 127.0.0.1 - - [26/Nov/2024 03:28:01] "[33mGET /static/js/main.js HTTP/1.1[0m" 404 -
2024-11-26 03:28:01,802 - BigMongoData - INFO - [app.py:138] - Estado de conexiones - MongoDB: True, Neo4j: True
2024-11-26 03:28:01,814 - BigMongoData - INFO - [app.py:133] - Conexión Neo4j verificada
2024-11-26 03:28:01,814 - BigMongoData - INFO - [app.py:138] - Estado de conexiones - MongoDB: True, Neo4j: True
2024-11-26 03:28:01,816 - werkzeug - INFO - [_internal.py:96] - 127.0.0.1 - - [26/Nov/2024 03:28:01] "[33mGET /static/js/search.js HTTP/1.1[0m" 404 -
2024-11-26 03:28:01,992 - werkzeug - INFO - [_internal.py:96] - 127.0.0.1 - - [26/Nov/2024 03:28:01] "[36mGET /static/css/main.css HTTP/1.1[0m" 304 -
2024-11-26 03:28:01,997 - werkzeug - INFO - [_internal.py:96] - 127.0.0.1 - - [26/Nov/2024 03:28:01] "[36mGET /static/css/search.css HTTP/1.1[0m" 304 -
2024-11-26 03:28:44,325 - BigMongoData - INFO - [app.py:120] - Conexión MongoDB verificada
2024-11-26 03:28:44,328 - BigMongoData - INFO - [app.py:120] - Conexión MongoDB verificada
2024-11-26 03:28:44,453 - BigMongoData - INFO - [app.py:133] - Conexión Neo4j verificada
2024-11-26 03:28:44,454 - BigMongoData - INFO - [app.py:138] - Estado de conexiones - MongoDB: True, Neo4j: True
2024-11-26 03:28:44,455 - werkzeug - INFO - [_internal.py:96] - 127.0.0.1 - - [26/Nov/2024 03:28:44] "[36mGET /static/css/main.css HTTP/1.1[0m" 304 -
2024-11-26 03:28:44,480 - BigMongoData - INFO - [app.py:133] - Conexión Neo4j verificada
2024-11-26 03:28:44,482 - BigMongoData - INFO - [app.py:138] - Estado de conexiones - MongoDB: True, Neo4j: True
2024-11-26 03:28:44,483 - werkzeug - INFO - [_internal.py:96] - 127.0.0.1 - - [26/Nov/2024 03:28:44] "[36mGET /static/css/search.css HTTP/1.1[0m" 304 -
2024-11-26 03:28:52,572 - BigMongoData - INFO - [app.py:120] - Conexión MongoDB verificada
2024-11-26 03:28:52,632 - BigMongoData - INFO - [app.py:133] - Conexión Neo4j verificada
2024-11-26 03:28:52,632 - BigMongoData - INFO - [app.py:138] - Estado de conexiones - MongoDB: True, Neo4j: True
2024-11-26 03:28:52,633 - BigMongoData - INFO - [app.py:101] - Acceso a la página principal
2024-11-26 03:28:52,643 - werkzeug - INFO - [_internal.py:96] - 127.0.0.1 - - [26/Nov/2024 03:28:52] "GET / HTTP/1.1" 200 -
2024-11-26 03:28:53,888 - BigMongoData - INFO - [app.py:120] - Conexión MongoDB verificada
2024-11-26 03:28:53,933 - BigMongoData - INFO - [app.py:120] - Conexión MongoDB verificada
2024-11-26 03:28:53,944 - BigMongoData - INFO - [app.py:133] - Conexión Neo4j verificada
2024-11-26 03:28:53,944 - BigMongoData - INFO - [app.py:138] - Estado de conexiones - MongoDB: True, Neo4j: True
2024-11-26 03:28:53,945 - werkzeug - INFO - [_internal.py:96] - 127.0.0.1 - - [26/Nov/2024 03:28:53] "[33mGET /static/js/main.js HTTP/1.1[0m" 404 -
2024-11-26 03:28:53,991 - BigMongoData - INFO - [app.py:133] - Conexión Neo4j verificada
2024-11-26 03:28:54,003 - BigMongoData - INFO - [app.py:138] - Estado de conexiones - MongoDB: True, Neo4j: True
2024-11-26 03:28:54,004 - werkzeug - INFO - [_internal.py:96] - 127.0.0.1 - - [26/Nov/2024 03:28:54] "[33mGET /static/js/search.js HTTP/1.1[0m" 404 -
2024-11-26 03:28:54,231 - BigMongoData - INFO - [app.py:120] - Conexión MongoDB verificada
2024-11-26 03:28:54,238 - BigMongoData - INFO - [app.py:120] - Conexión MongoDB verificada
2024-11-26 03:28:54,259 - BigMongoData - INFO - [app.py:120] - Conexión MongoDB verificada
2024-11-26 03:28:54,314 - BigMongoData - INFO - [app.py:133] - Conexión Neo4j verificada
2024-11-26 03:28:54,314 - BigMongoData - INFO - [app.py:133] - Conexión Neo4j verificada
2024-11-26 03:28:54,314 - BigMongoData - INFO - [app.py:138] - Estado de conexiones - MongoDB: True, Neo4j: True
2024-11-26 03:28:54,315 - BigMongoData - INFO - [app.py:138] - Estado de conexiones - MongoDB: True, Neo4j: True
2024-11-26 03:28:54,316 - werkzeug - INFO - [_internal.py:96] - 127.0.0.1 - - [26/Nov/2024 03:28:54] "[36mGET /static/css/main.css HTTP/1.1[0m" 304 -
2024-11-26 03:28:54,317 - werkzeug - INFO - [_internal.py:96] - 127.0.0.1 - - [26/Nov/2024 03:28:54] "[36mGET /static/css/search.css HTTP/1.1[0m" 304 -
2024-11-26 03:28:54,344 - BigMongoData - INFO - [app.py:133] - Conexión Neo4j verificada
2024-11-26 03:28:54,345 - BigMongoData - INFO - [app.py:138] - Estado de conexiones - MongoDB: True, Neo4j: True
2024-11-26 03:28:54,346 - werkzeug - INFO - [_internal.py:96] - 127.0.0.1 - - [26/Nov/2024 03:28:54] "[33mGET /static/js/graph-viewer.js HTTP/1.1[0m" 404 -
2024-11-26 03:29:23,132 - BigMongoData - INFO - [app.py:120] - Conexión MongoDB verificada
2024-11-26 03:29:23,253 - BigMongoData - INFO - [app.py:133] - Conexión Neo4j verificada
2024-11-26 03:29:23,254 - BigMongoData - INFO - [app.py:138] - Estado de conexiones - MongoDB: True, Neo4j: True
2024-11-26 03:29:23,254 - BigMongoData - INFO - [app.py:101] - Acceso a la página principal
2024-11-26 03:29:23,255 - werkzeug - INFO - [_internal.py:96] - 127.0.0.1 - - [26/Nov/2024 03:29:23] "GET / HTTP/1.1" 200 -
2024-11-26 03:29:24,636 - BigMongoData - INFO - [app.py:120] - Conexión MongoDB verificada
2024-11-26 03:29:24,654 - BigMongoData - INFO - [app.py:120] - Conexión MongoDB verificada
2024-11-26 03:29:24,721 - BigMongoData - INFO - [app.py:133] - Conexión Neo4j verificada
2024-11-26 03:29:24,721 - BigMongoData - INFO - [app.py:133] - Conexión Neo4j verificada
2024-11-26 03:29:24,722 - BigMongoData - INFO - [app.py:138] - Estado de conexiones - MongoDB: True, Neo4j: True
2024-11-26 03:29:24,722 - BigMongoData - INFO - [app.py:138] - Estado de conexiones - MongoDB: True, Neo4j: True
2024-11-26 03:29:24,723 - werkzeug - INFO - [_internal.py:96] - 127.0.0.1 - - [26/Nov/2024 03:29:24] "[36mGET /static/css/main.css HTTP/1.1[0m" 304 -
2024-11-26 03:29:24,724 - werkzeug - INFO - [_internal.py:96] - 127.0.0.1 - - [26/Nov/2024 03:29:24] "[36mGET /static/css/search.css HTTP/1.1[0m" 304 -
2024-11-26 03:29:24,895 - BigMongoData - INFO - [app.py:120] - Conexión MongoDB verificada
2024-11-26 03:29:24,946 - BigMongoData - INFO - [app.py:120] - Conexión MongoDB verificada
2024-11-26 03:29:24,953 - BigMongoData - INFO - [app.py:120] - Conexión MongoDB verificada
2024-11-26 03:29:24,971 - BigMongoData - INFO - [app.py:133] - Conexión Neo4j verificada
2024-11-26 03:29:24,978 - BigMongoData - INFO - [app.py:138] - Estado de conexiones - MongoDB: True, Neo4j: True
2024-11-26 03:29:24,979 - werkzeug - INFO - [_internal.py:96] - 127.0.0.1 - - [26/Nov/2024 03:29:24] "[33mGET /static/js/main.js HTTP/1.1[0m" 404 -
2024-11-26 03:29:25,035 - BigMongoData - INFO - [app.py:133] - Conexión Neo4j verificada
2024-11-26 03:29:25,036 - BigMongoData - INFO - [app.py:133] - Conexión Neo4j verificada
2024-11-26 03:29:25,036 - BigMongoData - INFO - [app.py:138] - Estado de conexiones - MongoDB: True, Neo4j: True
2024-11-26 03:29:25,036 - BigMongoData - INFO - [app.py:138] - Estado de conexiones - MongoDB: True, Neo4j: True
2024-11-26 03:29:25,038 - werkzeug - INFO - [_internal.py:96] - 127.0.0.1 - - [26/Nov/2024 03:29:25] "[33mGET /static/js/graph-viewer.js HTTP/1.1[0m" 404 -
2024-11-26 03:29:25,039 - werkzeug - INFO - [_internal.py:96] - 127.0.0.1 - - [26/Nov/2024 03:29:25] "[33mGET /static/js/search.js HTTP/1.1[0m" 404 -
2024-11-26 03:29:46,138 - BigMongoData - INFO - [app.py:170] - Cerrando conexiones...
2024-11-26 03:29:46,708 - BigMongoData - INFO - [app.py:170] - Cerrando conexiones...
2024-11-26 03:59:17,126 - BigMongoData - INFO - [app.py:149] - Iniciando aplicación BigMongoData...
2024-11-26 03:59:17,127 - BigMongoData - INFO - [app.py:39] - Iniciando conexión con MongoDB...
2024-11-26 03:59:17,191 - BigMongoData - INFO - [app.py:44] - Comenzando creación de índices en MongoDB...
2024-11-26 03:59:18,796 - BigMongoData - INFO - [app.py:57] - Índices creados correctamente
2024-11-26 03:59:18,911 - BigMongoData - INFO - [app.py:68] - Iniciando conexión con Neo4j...
2024-11-26 03:59:18,912 - BigMongoData - INFO - [app.py:71] - <neo4j._sync.driver.Neo4jDriver object at 0x000002DB3ACBAA80>
2024-11-26 03:59:19,510 - BigMongoData - INFO - [app.py:76] - Verificación de conectividad exitosa
2024-11-26 03:59:19,571 - BigMongoData - INFO - [app.py:83] - Prueba de consulta exitosa
2024-11-26 03:59:19,572 - BigMongoData - INFO - [app.py:167] - Iniciando servidor Flask...
2024-11-26 03:59:19,672 - werkzeug - INFO - [_internal.py:97] - [31m[1mWARNING: This is a development server. Do not use it in a production deployment. Use a production WSGI server instead.[0m
 * Running on http://127.0.0.1:5000
2024-11-26 03:59:19,673 - werkzeug - INFO - [_internal.py:97] - [33mPress CTRL+C to quit[0m
2024-11-26 03:59:19,708 - werkzeug - INFO - [_internal.py:97] -  * Restarting with watchdog (windowsapi)
2024-11-26 03:59:22,554 - BigMongoData - INFO - [app.py:149] - Iniciando aplicación BigMongoData...
2024-11-26 03:59:22,554 - BigMongoData - INFO - [app.py:39] - Iniciando conexión con MongoDB...
2024-11-26 03:59:22,693 - BigMongoData - INFO - [app.py:44] - Comenzando creación de índices en MongoDB...
2024-11-26 03:59:24,318 - BigMongoData - INFO - [app.py:57] - Índices creados correctamente
2024-11-26 03:59:24,434 - BigMongoData - INFO - [app.py:68] - Iniciando conexión con Neo4j...
2024-11-26 03:59:24,435 - BigMongoData - INFO - [app.py:71] - <neo4j._sync.driver.Neo4jDriver object at 0x000001E37EB5D5B0>
2024-11-26 03:59:24,856 - BigMongoData - INFO - [app.py:76] - Verificación de conectividad exitosa
2024-11-26 03:59:24,915 - BigMongoData - INFO - [app.py:83] - Prueba de consulta exitosa
2024-11-26 03:59:24,916 - BigMongoData - INFO - [app.py:167] - Iniciando servidor Flask...
2024-11-26 03:59:24,933 - werkzeug - WARNING - [_internal.py:97] -  * Debugger is active!
2024-11-26 03:59:24,938 - werkzeug - INFO - [_internal.py:97] -  * Debugger PIN: 116-940-259
2024-11-26 03:59:35,826 - BigMongoData - INFO - [app.py:120] - Conexión MongoDB verificada
2024-11-26 03:59:36,302 - BigMongoData - INFO - [app.py:133] - Conexión Neo4j verificada
2024-11-26 03:59:36,302 - BigMongoData - INFO - [app.py:138] - Estado de conexiones - MongoDB: True, Neo4j: True
2024-11-26 03:59:36,318 - BigMongoData - INFO - [app.py:101] - Acceso a la página principal
2024-11-26 03:59:36,324 - werkzeug - INFO - [_internal.py:97] - 127.0.0.1 - - [26/Nov/2024 03:59:36] "GET / HTTP/1.1" 200 -
2024-11-26 03:59:37,620 - BigMongoData - INFO - [app.py:120] - Conexión MongoDB verificada
2024-11-26 03:59:37,639 - BigMongoData - INFO - [app.py:120] - Conexión MongoDB verificada
2024-11-26 03:59:37,714 - BigMongoData - INFO - [app.py:133] - Conexión Neo4j verificada
2024-11-26 03:59:37,715 - BigMongoData - INFO - [app.py:138] - Estado de conexiones - MongoDB: True, Neo4j: True
2024-11-26 03:59:37,853 - werkzeug - INFO - [_internal.py:97] - 127.0.0.1 - - [26/Nov/2024 03:59:37] "[36mGET /static/css/search.css HTTP/1.1[0m" 304 -
2024-11-26 03:59:37,887 - BigMongoData - INFO - [app.py:120] - Conexión MongoDB verificada
2024-11-26 03:59:37,908 - BigMongoData - INFO - [app.py:133] - Conexión Neo4j verificada
2024-11-26 03:59:37,908 - BigMongoData - INFO - [app.py:138] - Estado de conexiones - MongoDB: True, Neo4j: True
2024-11-26 03:59:37,909 - werkzeug - INFO - [_internal.py:97] - 127.0.0.1 - - [26/Nov/2024 03:59:37] "[36mGET /static/css/main.css HTTP/1.1[0m" 304 -
2024-11-26 03:59:37,959 - BigMongoData - INFO - [app.py:133] - Conexión Neo4j verificada
2024-11-26 03:59:37,959 - BigMongoData - INFO - [app.py:138] - Estado de conexiones - MongoDB: True, Neo4j: True
2024-11-26 03:59:37,960 - werkzeug - INFO - [_internal.py:97] - 127.0.0.1 - - [26/Nov/2024 03:59:37] "[33mGET /static/js/main.js HTTP/1.1[0m" 404 -
2024-11-26 03:59:38,000 - BigMongoData - INFO - [app.py:120] - Conexión MongoDB verificada
2024-11-26 03:59:38,059 - BigMongoData - INFO - [app.py:120] - Conexión MongoDB verificada
2024-11-26 03:59:38,115 - BigMongoData - INFO - [app.py:133] - Conexión Neo4j verificada
2024-11-26 03:59:38,123 - BigMongoData - INFO - [app.py:138] - Estado de conexiones - MongoDB: True, Neo4j: True
2024-11-26 03:59:38,128 - werkzeug - INFO - [_internal.py:97] - 127.0.0.1 - - [26/Nov/2024 03:59:38] "[33mGET /static/js/graph-viewer.js HTTP/1.1[0m" 404 -
2024-11-26 03:59:38,187 - BigMongoData - INFO - [app.py:133] - Conexión Neo4j verificada
2024-11-26 03:59:38,193 - BigMongoData - INFO - [app.py:138] - Estado de conexiones - MongoDB: True, Neo4j: True
2024-11-26 03:59:38,194 - werkzeug - INFO - [_internal.py:97] - 127.0.0.1 - - [26/Nov/2024 03:59:38] "[33mGET /static/js/search.js HTTP/1.1[0m" 404 -
2024-11-26 04:08:35,398 - BigMongoData - INFO - [app.py:149] - Iniciando aplicación BigMongoData...
2024-11-26 04:08:35,440 - BigMongoData - INFO - [app.py:39] - Iniciando conexión con MongoDB...
2024-11-26 04:08:35,612 - BigMongoData - INFO - [app.py:44] - Comenzando creación de índices en MongoDB...
2024-11-26 04:08:37,222 - BigMongoData - INFO - [app.py:57] - Índices creados correctamente
2024-11-26 04:08:37,338 - BigMongoData - INFO - [app.py:68] - Iniciando conexión con Neo4j...
2024-11-26 04:08:37,338 - BigMongoData - INFO - [app.py:71] - <neo4j._sync.driver.Neo4jDriver object at 0x000001CB6A55EA20>
2024-11-26 04:08:37,784 - BigMongoData - INFO - [app.py:76] - Verificación de conectividad exitosa
2024-11-26 04:08:37,844 - BigMongoData - INFO - [app.py:83] - Prueba de consulta exitosa
2024-11-26 04:08:37,844 - BigMongoData - INFO - [app.py:167] - Iniciando servidor Flask...
2024-11-26 04:08:37,885 - werkzeug - INFO - [_internal.py:97] - [31m[1mWARNING: This is a development server. Do not use it in a production deployment. Use a production WSGI server instead.[0m
 * Running on http://127.0.0.1:5000
2024-11-26 04:08:37,885 - werkzeug - INFO - [_internal.py:97] - [33mPress CTRL+C to quit[0m
2024-11-26 04:08:37,911 - werkzeug - INFO - [_internal.py:97] -  * Restarting with watchdog (windowsapi)
2024-11-26 04:08:41,009 - BigMongoData - INFO - [app.py:149] - Iniciando aplicación BigMongoData...
2024-11-26 04:08:41,010 - BigMongoData - INFO - [app.py:39] - Iniciando conexión con MongoDB...
2024-11-26 04:08:41,104 - BigMongoData - INFO - [app.py:44] - Comenzando creación de índices en MongoDB...
2024-11-26 04:08:42,700 - BigMongoData - INFO - [app.py:57] - Índices creados correctamente
2024-11-26 04:08:42,815 - BigMongoData - INFO - [app.py:68] - Iniciando conexión con Neo4j...
2024-11-26 04:08:42,816 - BigMongoData - INFO - [app.py:71] - <neo4j._sync.driver.Neo4jDriver object at 0x000001DDB6E7F290>
2024-11-26 04:08:43,217 - BigMongoData - INFO - [app.py:76] - Verificación de conectividad exitosa
2024-11-26 04:08:43,272 - BigMongoData - INFO - [app.py:83] - Prueba de consulta exitosa
2024-11-26 04:08:43,273 - BigMongoData - INFO - [app.py:167] - Iniciando servidor Flask...
2024-11-26 04:08:43,291 - werkzeug - WARNING - [_internal.py:97] -  * Debugger is active!
2024-11-26 04:08:43,295 - werkzeug - INFO - [_internal.py:97] -  * Debugger PIN: 116-940-259
2024-11-26 04:09:51,413 - BigMongoData - INFO - [app.py:120] - Conexión MongoDB verificada
2024-11-26 04:09:51,854 - BigMongoData - INFO - [app.py:133] - Conexión Neo4j verificada
2024-11-26 04:09:51,854 - BigMongoData - INFO - [app.py:138] - Estado de conexiones - MongoDB: True, Neo4j: True
2024-11-26 04:09:51,854 - BigMongoData - INFO - [app.py:101] - Acceso a la página principal
2024-11-26 04:09:51,865 - werkzeug - INFO - [_internal.py:97] - 127.0.0.1 - - [26/Nov/2024 04:09:51] "GET / HTTP/1.1" 200 -
2024-11-26 04:09:53,414 - BigMongoData - INFO - [app.py:120] - Conexión MongoDB verificada
2024-11-26 04:09:53,419 - BigMongoData - INFO - [app.py:120] - Conexión MongoDB verificada
2024-11-26 04:09:53,492 - BigMongoData - INFO - [app.py:120] - Conexión MongoDB verificada
2024-11-26 04:09:53,498 - BigMongoData - INFO - [app.py:120] - Conexión MongoDB verificada
2024-11-26 04:09:53,501 - BigMongoData - INFO - [app.py:133] - Conexión Neo4j verificada
2024-11-26 04:09:53,501 - BigMongoData - INFO - [app.py:138] - Estado de conexiones - MongoDB: True, Neo4j: True
2024-11-26 04:09:53,504 - BigMongoData - INFO - [app.py:120] - Conexión MongoDB verificada
2024-11-26 04:09:53,579 - BigMongoData - INFO - [app.py:133] - Conexión Neo4j verificada
2024-11-26 04:09:53,579 - BigMongoData - INFO - [app.py:138] - Estado de conexiones - MongoDB: True, Neo4j: True
2024-11-26 04:09:53,581 - werkzeug - INFO - [_internal.py:97] - 127.0.0.1 - - [26/Nov/2024 04:09:53] "[33mGET /static/js/graph-viewer.js HTTP/1.1[0m" 404 -
2024-11-26 04:09:53,625 - werkzeug - INFO - [_internal.py:97] - 127.0.0.1 - - [26/Nov/2024 04:09:53] "[36mGET /static/css/main.css HTTP/1.1[0m" 304 -
2024-11-26 04:09:53,690 - BigMongoData - INFO - [app.py:133] - Conexión Neo4j verificada
2024-11-26 04:09:53,690 - BigMongoData - INFO - [app.py:138] - Estado de conexiones - MongoDB: True, Neo4j: True
2024-11-26 04:09:53,692 - werkzeug - INFO - [_internal.py:97] - 127.0.0.1 - - [26/Nov/2024 04:09:53] "GET /static/js/main.js HTTP/1.1" 200 -
2024-11-26 04:09:53,767 - BigMongoData - INFO - [app.py:133] - Conexión Neo4j verificada
2024-11-26 04:09:53,767 - BigMongoData - INFO - [app.py:138] - Estado de conexiones - MongoDB: True, Neo4j: True
2024-11-26 04:09:53,769 - werkzeug - INFO - [_internal.py:97] - 127.0.0.1 - - [26/Nov/2024 04:09:53] "GET /static/js/search.js HTTP/1.1" 200 -
2024-11-26 04:09:53,803 - BigMongoData - INFO - [app.py:133] - Conexión Neo4j verificada
2024-11-26 04:09:53,803 - BigMongoData - INFO - [app.py:138] - Estado de conexiones - MongoDB: True, Neo4j: True
2024-11-26 04:09:53,804 - werkzeug - INFO - [_internal.py:97] - 127.0.0.1 - - [26/Nov/2024 04:09:53] "[36mGET /static/css/search.css HTTP/1.1[0m" 304 -
2024-11-26 04:09:55,155 - BigMongoData - INFO - [app.py:120] - Conexión MongoDB verificada
2024-11-26 04:09:55,215 - BigMongoData - INFO - [app.py:133] - Conexión Neo4j verificada
2024-11-26 04:09:55,215 - BigMongoData - INFO - [app.py:138] - Estado de conexiones - MongoDB: True, Neo4j: True
2024-11-26 04:09:55,216 - routes.search - INFO - [search.py:134] - Obteniendo estadísticas
2024-11-26 04:09:55,576 - routes.search - INFO - [search.py:162] - Estadísticas generadas exitosamente
2024-11-26 04:09:55,577 - werkzeug - INFO - [_internal.py:97] - 127.0.0.1 - - [26/Nov/2024 04:09:55] "GET /api/stats HTTP/1.1" 200 -
2024-11-26 04:09:57,044 - BigMongoData - INFO - [app.py:120] - Conexión MongoDB verificada
2024-11-26 04:09:57,107 - BigMongoData - INFO - [app.py:133] - Conexión Neo4j verificada
2024-11-26 04:09:57,107 - BigMongoData - INFO - [app.py:138] - Estado de conexiones - MongoDB: True, Neo4j: True
2024-11-26 04:09:57,107 - routes.search - INFO - [search.py:134] - Obteniendo estadísticas
2024-11-26 04:09:57,458 - routes.search - INFO - [search.py:162] - Estadísticas generadas exitosamente
2024-11-26 04:09:57,460 - werkzeug - INFO - [_internal.py:97] - 127.0.0.1 - - [26/Nov/2024 04:09:57] "GET /api/stats HTTP/1.1" 200 -
2024-11-26 04:11:10,376 - BigMongoData - INFO - [app.py:170] - Cerrando conexiones...
2024-11-26 04:11:11,019 - BigMongoData - INFO - [app.py:170] - Cerrando conexiones...
2024-11-26 04:13:55,829 - BigMongoData - INFO - [app.py:149] - Iniciando aplicación BigMongoData...
2024-11-26 04:13:55,829 - BigMongoData - INFO - [app.py:39] - Iniciando conexión con MongoDB...
2024-11-26 04:13:55,927 - BigMongoData - INFO - [app.py:44] - Comenzando creación de índices en MongoDB...
2024-11-26 04:13:57,548 - BigMongoData - INFO - [app.py:57] - Índices creados correctamente
2024-11-26 04:13:57,664 - BigMongoData - INFO - [app.py:68] - Iniciando conexión con Neo4j...
2024-11-26 04:13:57,665 - BigMongoData - INFO - [app.py:71] - <neo4j._sync.driver.Neo4jDriver object at 0x000001B660D60FB0>
2024-11-26 04:13:58,096 - BigMongoData - INFO - [app.py:76] - Verificación de conectividad exitosa
2024-11-26 04:13:58,152 - BigMongoData - INFO - [app.py:83] - Prueba de consulta exitosa
2024-11-26 04:13:58,153 - BigMongoData - INFO - [app.py:167] - Iniciando servidor Flask...
2024-11-26 04:13:58,181 - werkzeug - INFO - [_internal.py:97] - [31m[1mWARNING: This is a development server. Do not use it in a production deployment. Use a production WSGI server instead.[0m
 * Running on http://127.0.0.1:5000
2024-11-26 04:13:58,182 - werkzeug - INFO - [_internal.py:97] - [33mPress CTRL+C to quit[0m
2024-11-26 04:13:58,192 - werkzeug - INFO - [_internal.py:97] -  * Restarting with watchdog (windowsapi)
2024-11-26 04:14:01,032 - BigMongoData - INFO - [app.py:149] - Iniciando aplicación BigMongoData...
2024-11-26 04:14:01,032 - BigMongoData - INFO - [app.py:39] - Iniciando conexión con MongoDB...
2024-11-26 04:14:01,195 - BigMongoData - INFO - [app.py:44] - Comenzando creación de índices en MongoDB...
2024-11-26 04:14:02,777 - BigMongoData - INFO - [app.py:57] - Índices creados correctamente
2024-11-26 04:14:02,888 - BigMongoData - INFO - [app.py:68] - Iniciando conexión con Neo4j...
2024-11-26 04:14:02,888 - BigMongoData - INFO - [app.py:71] - <neo4j._sync.driver.Neo4jDriver object at 0x000001B0793EF470>
2024-11-26 04:14:03,355 - BigMongoData - INFO - [app.py:76] - Verificación de conectividad exitosa
2024-11-26 04:14:03,417 - BigMongoData - INFO - [app.py:83] - Prueba de consulta exitosa
2024-11-26 04:14:03,417 - BigMongoData - INFO - [app.py:167] - Iniciando servidor Flask...
2024-11-26 04:14:03,439 - werkzeug - WARNING - [_internal.py:97] -  * Debugger is active!
2024-11-26 04:14:03,439 - werkzeug - INFO - [_internal.py:97] -  * Debugger PIN: 116-940-259
2024-11-26 04:14:07,938 - BigMongoData - INFO - [app.py:120] - Conexión MongoDB verificada
2024-11-26 04:14:08,341 - BigMongoData - INFO - [app.py:133] - Conexión Neo4j verificada
2024-11-26 04:14:08,341 - BigMongoData - INFO - [app.py:138] - Estado de conexiones - MongoDB: True, Neo4j: True
2024-11-26 04:14:08,342 - BigMongoData - INFO - [app.py:101] - Acceso a la página principal
2024-11-26 04:14:08,349 - werkzeug - INFO - [_internal.py:97] - 127.0.0.1 - - [26/Nov/2024 04:14:08] "GET / HTTP/1.1" 200 -
2024-11-26 04:14:09,625 - BigMongoData - INFO - [app.py:120] - Conexión MongoDB verificada
2024-11-26 04:14:09,637 - BigMongoData - INFO - [app.py:120] - Conexión MongoDB verificada
2024-11-26 04:14:09,700 - BigMongoData - INFO - [app.py:133] - Conexión Neo4j verificada
2024-11-26 04:14:09,700 - BigMongoData - INFO - [app.py:138] - Estado de conexiones - MongoDB: True, Neo4j: True
2024-11-26 04:14:09,796 - werkzeug - INFO - [_internal.py:97] - 127.0.0.1 - - [26/Nov/2024 04:14:09] "[36mGET /static/css/search.css HTTP/1.1[0m" 304 -
2024-11-26 04:14:09,891 - BigMongoData - INFO - [app.py:133] - Conexión Neo4j verificada
2024-11-26 04:14:09,891 - BigMongoData - INFO - [app.py:138] - Estado de conexiones - MongoDB: True, Neo4j: True
2024-11-26 04:14:09,892 - werkzeug - INFO - [_internal.py:97] - 127.0.0.1 - - [26/Nov/2024 04:14:09] "[36mGET /static/css/main.css HTTP/1.1[0m" 304 -
2024-11-26 04:14:09,936 - BigMongoData - INFO - [app.py:120] - Conexión MongoDB verificada
2024-11-26 04:14:09,957 - BigMongoData - INFO - [app.py:120] - Conexión MongoDB verificada
2024-11-26 04:14:09,973 - BigMongoData - INFO - [app.py:120] - Conexión MongoDB verificada
2024-11-26 04:14:10,019 - BigMongoData - INFO - [app.py:133] - Conexión Neo4j verificada
2024-11-26 04:14:10,019 - BigMongoData - INFO - [app.py:138] - Estado de conexiones - MongoDB: True, Neo4j: True
2024-11-26 04:14:10,020 - BigMongoData - INFO - [app.py:133] - Conexión Neo4j verificada
2024-11-26 04:14:10,050 - BigMongoData - INFO - [app.py:133] - Conexión Neo4j verificada
2024-11-26 04:14:10,093 - werkzeug - INFO - [_internal.py:97] - 127.0.0.1 - - [26/Nov/2024 04:14:10] "GET /static/js/graph-viewer.js HTTP/1.1" 200 -
2024-11-26 04:14:10,100 - BigMongoData - INFO - [app.py:138] - Estado de conexiones - MongoDB: True, Neo4j: True
2024-11-26 04:14:10,104 - BigMongoData - INFO - [app.py:138] - Estado de conexiones - MongoDB: True, Neo4j: True
2024-11-26 04:14:10,109 - werkzeug - INFO - [_internal.py:97] - 127.0.0.1 - - [26/Nov/2024 04:14:10] "[36mGET /static/js/search.js HTTP/1.1[0m" 304 -
2024-11-26 04:14:10,118 - werkzeug - INFO - [_internal.py:97] - 127.0.0.1 - - [26/Nov/2024 04:14:10] "[36mGET /static/js/main.js HTTP/1.1[0m" 304 -
2024-11-26 04:14:11,668 - BigMongoData - INFO - [app.py:120] - Conexión MongoDB verificada
2024-11-26 04:14:11,695 - BigMongoData - INFO - [app.py:120] - Conexión MongoDB verificada
2024-11-26 04:14:11,761 - BigMongoData - INFO - [app.py:133] - Conexión Neo4j verificada
2024-11-26 04:14:11,761 - BigMongoData - INFO - [app.py:133] - Conexión Neo4j verificada
2024-11-26 04:14:11,761 - BigMongoData - INFO - [app.py:138] - Estado de conexiones - MongoDB: True, Neo4j: True
2024-11-26 04:14:11,761 - BigMongoData - INFO - [app.py:138] - Estado de conexiones - MongoDB: True, Neo4j: True
2024-11-26 04:14:11,761 - routes.search - INFO - [search.py:134] - Obteniendo estadísticas
2024-11-26 04:14:11,761 - routes.similitudes - INFO - [similitudes.py:87] - Buscando grafo para:   con similitud mínima de 0.0
2024-11-26 04:14:11,761 - routes.similitudes - INFO - [similitudes.py:133] - Ejecutando consulta con parámetros: {'min_score': 0.0}
2024-11-26 04:14:11,920 - routes.similitudes - INFO - [similitudes.py:161] - Filtrado completado: 787 relaciones cumplen el criterio de similitud
2024-11-26 04:14:11,935 - werkzeug - INFO - [_internal.py:97] - 127.0.0.1 - - [26/Nov/2024 04:14:11] "GET /api/graph/%20?min_score=0 HTTP/1.1" 200 -
2024-11-26 04:14:12,117 - routes.search - INFO - [search.py:162] - Estadísticas generadas exitosamente
2024-11-26 04:14:12,118 - werkzeug - INFO - [_internal.py:97] - 127.0.0.1 - - [26/Nov/2024 04:14:12] "GET /api/stats HTTP/1.1" 200 -
2024-11-26 04:14:13,353 - BigMongoData - INFO - [app.py:120] - Conexión MongoDB verificada
2024-11-26 04:14:13,411 - BigMongoData - INFO - [app.py:133] - Conexión Neo4j verificada
2024-11-26 04:14:13,411 - BigMongoData - INFO - [app.py:138] - Estado de conexiones - MongoDB: True, Neo4j: True
2024-11-26 04:14:13,411 - routes.search - INFO - [search.py:134] - Obteniendo estadísticas
2024-11-26 04:14:13,765 - routes.search - INFO - [search.py:162] - Estadísticas generadas exitosamente
2024-11-26 04:14:13,765 - werkzeug - INFO - [_internal.py:97] - 127.0.0.1 - - [26/Nov/2024 04:14:13] "GET /api/stats HTTP/1.1" 200 -
2024-11-26 04:14:38,387 - BigMongoData - INFO - [app.py:120] - Conexión MongoDB verificada
2024-11-26 04:14:38,449 - BigMongoData - INFO - [app.py:133] - Conexión Neo4j verificada
2024-11-26 04:14:38,449 - BigMongoData - INFO - [app.py:138] - Estado de conexiones - MongoDB: True, Neo4j: True
2024-11-26 04:14:38,449 - routes.similitudes - INFO - [similitudes.py:87] - Buscando grafo para:   con similitud mínima de 54.0
2024-11-26 04:14:38,449 - routes.similitudes - INFO - [similitudes.py:133] - Ejecutando consulta con parámetros: {'min_score': 54.0}
2024-11-26 04:14:38,465 - BigMongoData - INFO - [app.py:120] - Conexión MongoDB verificada
2024-11-26 04:14:38,481 - BigMongoData - INFO - [app.py:120] - Conexión MongoDB verificada
2024-11-26 04:14:38,511 - BigMongoData - INFO - [app.py:120] - Conexión MongoDB verificada
2024-11-26 04:14:38,513 - BigMongoData - INFO - [app.py:120] - Conexión MongoDB verificada
2024-11-26 04:14:38,531 - BigMongoData - INFO - [app.py:133] - Conexión Neo4j verificada
2024-11-26 04:14:38,531 - BigMongoData - INFO - [app.py:138] - Estado de conexiones - MongoDB: True, Neo4j: True
2024-11-26 04:14:38,531 - routes.similitudes - INFO - [similitudes.py:87] - Buscando grafo para:   con similitud mínima de 53.0
2024-11-26 04:14:38,531 - routes.similitudes - INFO - [similitudes.py:133] - Ejecutando consulta con parámetros: {'min_score': 53.0}
2024-11-26 04:14:38,531 - routes.similitudes - INFO - [similitudes.py:161] - Filtrado completado: 7 relaciones cumplen el criterio de similitud
2024-11-26 04:14:38,531 - werkzeug - INFO - [_internal.py:97] - 127.0.0.1 - - [26/Nov/2024 04:14:38] "GET /api/graph/%20?min_score=54 HTTP/1.1" 200 -
2024-11-26 04:14:38,589 - BigMongoData - INFO - [app.py:133] - Conexión Neo4j verificada
2024-11-26 04:14:38,590 - BigMongoData - INFO - [app.py:138] - Estado de conexiones - MongoDB: True, Neo4j: True
2024-11-26 04:14:38,590 - routes.similitudes - INFO - [similitudes.py:87] - Buscando grafo para:   con similitud mínima de 56.0
2024-11-26 04:14:38,590 - routes.similitudes - INFO - [similitudes.py:133] - Ejecutando consulta con parámetros: {'min_score': 56.0}
2024-11-26 04:14:38,629 - BigMongoData - INFO - [app.py:133] - Conexión Neo4j verificada
2024-11-26 04:14:38,629 - BigMongoData - INFO - [app.py:138] - Estado de conexiones - MongoDB: True, Neo4j: True
2024-11-26 04:14:38,659 - routes.similitudes - INFO - [similitudes.py:161] - Filtrado completado: 3 relaciones cumplen el criterio de similitud
2024-11-26 04:14:38,666 - werkzeug - INFO - [_internal.py:97] - 127.0.0.1 - - [26/Nov/2024 04:14:38] "GET /api/graph/%20?min_score=56 HTTP/1.1" 200 -
2024-11-26 04:14:38,667 - routes.similitudes - INFO - [similitudes.py:87] - Buscando grafo para:   con similitud mínima de 58.0
2024-11-26 04:14:38,673 - routes.similitudes - INFO - [similitudes.py:133] - Ejecutando consulta con parámetros: {'min_score': 58.0}
2024-11-26 04:14:38,677 - BigMongoData - INFO - [app.py:133] - Conexión Neo4j verificada
2024-11-26 04:14:38,698 - BigMongoData - INFO - [app.py:138] - Estado de conexiones - MongoDB: True, Neo4j: True
2024-11-26 04:14:38,700 - routes.similitudes - INFO - [similitudes.py:87] - Buscando grafo para:   con similitud mínima de 55.0
2024-11-26 04:14:38,701 - routes.similitudes - INFO - [similitudes.py:133] - Ejecutando consulta con parámetros: {'min_score': 55.0}
2024-11-26 04:14:38,708 - routes.similitudes - INFO - [similitudes.py:161] - Filtrado completado: 7 relaciones cumplen el criterio de similitud
2024-11-26 04:14:38,708 - werkzeug - INFO - [_internal.py:97] - 127.0.0.1 - - [26/Nov/2024 04:14:38] "GET /api/graph/%20?min_score=53 HTTP/1.1" 200 -
2024-11-26 04:14:38,753 - routes.similitudes - INFO - [similitudes.py:161] - Filtrado completado: 1 relaciones cumplen el criterio de similitud
2024-11-26 04:14:38,754 - werkzeug - INFO - [_internal.py:97] - 127.0.0.1 - - [26/Nov/2024 04:14:38] "GET /api/graph/%20?min_score=58 HTTP/1.1" 200 -
2024-11-26 04:14:38,785 - routes.similitudes - INFO - [similitudes.py:161] - Filtrado completado: 3 relaciones cumplen el criterio de similitud
2024-11-26 04:14:38,786 - werkzeug - INFO - [_internal.py:97] - 127.0.0.1 - - [26/Nov/2024 04:14:38] "GET /api/graph/%20?min_score=55 HTTP/1.1" 200 -
2024-11-26 04:14:50,293 - BigMongoData - INFO - [app.py:120] - Conexión MongoDB verificada
2024-11-26 04:14:50,355 - BigMongoData - INFO - [app.py:133] - Conexión Neo4j verificada
2024-11-26 04:14:50,355 - BigMongoData - INFO - [app.py:138] - Estado de conexiones - MongoDB: True, Neo4j: True
2024-11-26 04:14:50,355 - routes.search - INFO - [search.py:66] - Iniciando búsqueda general
2024-11-26 04:14:50,355 - routes.search - INFO - [search.py:73] - Parámetros limpios: {'tipo': 'Auto'}
2024-11-26 04:14:50,355 - routes.search - INFO - [search.py:107] - Query final: {'providencia': {'$regex': '^A[0-9]{1,4}-[0-9]{2}$'}, 'tipo': 'Auto'}
2024-11-26 04:14:50,937 - routes.search - INFO - [search.py:120] - Búsqueda completada. Resultados encontrados: 13
2024-11-26 04:14:50,949 - werkzeug - INFO - [_internal.py:97] - 127.0.0.1 - - [26/Nov/2024 04:14:50] "[1mGET /api/search?tipo=Auto HTTP/1.1[0m" 13 -
2024-11-26 04:15:02,595 - BigMongoData - INFO - [app.py:170] - Cerrando conexiones...
2024-11-26 04:15:03,176 - BigMongoData - INFO - [app.py:170] - Cerrando conexiones...
2024-11-26 12:33:35,606 - BigMongoData - INFO - [app.py:149] - Iniciando aplicación BigMongoData...
2024-11-26 12:33:35,606 - BigMongoData - INFO - [app.py:39] - Iniciando conexión con MongoDB...
2024-11-26 12:33:35,692 - BigMongoData - INFO - [app.py:44] - Comenzando creación de índices en MongoDB...
2024-11-26 12:33:37,285 - BigMongoData - INFO - [app.py:57] - Índices creados correctamente
2024-11-26 12:33:37,401 - BigMongoData - INFO - [app.py:68] - Iniciando conexión con Neo4j...
2024-11-26 12:33:37,402 - BigMongoData - INFO - [app.py:71] - <neo4j._sync.driver.Neo4jDriver object at 0x0000020BDBF63860>
2024-11-26 12:33:37,803 - BigMongoData - INFO - [app.py:76] - Verificación de conectividad exitosa
2024-11-26 12:33:37,862 - BigMongoData - INFO - [app.py:83] - Prueba de consulta exitosa
2024-11-26 12:33:37,863 - BigMongoData - INFO - [app.py:167] - Iniciando servidor Flask...
2024-11-26 12:33:38,563 - werkzeug - INFO - [_internal.py:97] - [31m[1mWARNING: This is a development server. Do not use it in a production deployment. Use a production WSGI server instead.[0m
 * Running on http://127.0.0.1:5000
2024-11-26 12:33:38,564 - werkzeug - INFO - [_internal.py:97] - [33mPress CTRL+C to quit[0m
2024-11-26 12:33:39,024 - werkzeug - INFO - [_internal.py:97] -  * Restarting with watchdog (windowsapi)
2024-11-26 12:33:41,736 - BigMongoData - INFO - [app.py:149] - Iniciando aplicación BigMongoData...
2024-11-26 12:33:41,736 - BigMongoData - INFO - [app.py:39] - Iniciando conexión con MongoDB...
2024-11-26 12:33:41,845 - BigMongoData - INFO - [app.py:44] - Comenzando creación de índices en MongoDB...
2024-11-26 12:33:43,467 - BigMongoData - INFO - [app.py:57] - Índices creados correctamente
2024-11-26 12:33:43,583 - BigMongoData - INFO - [app.py:68] - Iniciando conexión con Neo4j...
2024-11-26 12:33:43,584 - BigMongoData - INFO - [app.py:71] - <neo4j._sync.driver.Neo4jDriver object at 0x0000025B2ACABF20>
2024-11-26 12:33:44,006 - BigMongoData - INFO - [app.py:76] - Verificación de conectividad exitosa
2024-11-26 12:33:44,067 - BigMongoData - INFO - [app.py:83] - Prueba de consulta exitosa
2024-11-26 12:33:44,068 - BigMongoData - INFO - [app.py:167] - Iniciando servidor Flask...
2024-11-26 12:33:44,084 - werkzeug - WARNING - [_internal.py:97] -  * Debugger is active!
2024-11-26 12:33:44,089 - werkzeug - INFO - [_internal.py:97] -  * Debugger PIN: 116-940-259
2024-11-26 12:34:44,001 - werkzeug - INFO - [_internal.py:97] -  * Detected change in 'C:\\Users\\JsBeltran\\AppData\\Local\\Packages\\PythonSoftwareFoundation.Python.3.12_qbz5n2kfra8p0\\LocalCache\\local-packages\\Python312\\site-packages\\flask\\app.py', reloading
2024-11-26 12:34:44,093 - werkzeug - INFO - [_internal.py:97] -  * Detected change in 'C:\\Users\\JsBeltran\\AppData\\Local\\Packages\\PythonSoftwareFoundation.Python.3.12_qbz5n2kfra8p0\\LocalCache\\local-packages\\Python312\\site-packages\\werkzeug\\debug\\__init__.py', reloading
2024-11-26 12:34:44,225 - werkzeug - INFO - [_internal.py:97] -  * Detected change in 'C:\\Users\\JsBeltran\\AppData\\Local\\Packages\\PythonSoftwareFoundation.Python.3.12_qbz5n2kfra8p0\\LocalCache\\local-packages\\Python312\\site-packages\\werkzeug\\serving.py', reloading
2024-11-26 12:34:44,388 - BigMongoData - INFO - [app.py:170] - Cerrando conexiones...
2024-11-26 12:34:45,410 - BigMongoData - INFO - [app.py:120] - Conexión MongoDB verificada
2024-11-26 12:34:45,898 - BigMongoData - INFO - [app.py:133] - Conexión Neo4j verificada
2024-11-26 12:34:45,898 - BigMongoData - INFO - [app.py:138] - Estado de conexiones - MongoDB: True, Neo4j: True
2024-11-26 12:34:45,898 - werkzeug - INFO - [_internal.py:97] - 127.0.0.1 - - [26/Nov/2024 12:34:45] "[33mGET /favicon.ico HTTP/1.1[0m" 404 -
2024-11-26 12:34:46,687 - werkzeug - INFO - [_internal.py:97] -  * Restarting with watchdog (windowsapi)
2024-11-26 12:34:53,323 - BigMongoData - INFO - [app.py:149] - Iniciando aplicación BigMongoData...
2024-11-26 12:34:53,481 - BigMongoData - INFO - [app.py:39] - Iniciando conexión con MongoDB...
2024-11-26 12:34:53,969 - BigMongoData - INFO - [app.py:44] - Comenzando creación de índices en MongoDB...
2024-11-26 12:34:55,561 - BigMongoData - INFO - [app.py:57] - Índices creados correctamente
2024-11-26 12:34:55,686 - BigMongoData - INFO - [app.py:68] - Iniciando conexión con Neo4j...
2024-11-26 12:34:55,689 - BigMongoData - INFO - [app.py:71] - <neo4j._sync.driver.Neo4jDriver object at 0x00000223BD03A450>
2024-11-26 12:34:56,143 - BigMongoData - INFO - [app.py:76] - Verificación de conectividad exitosa
2024-11-26 12:34:56,215 - BigMongoData - INFO - [app.py:83] - Prueba de consulta exitosa
2024-11-26 12:34:56,266 - BigMongoData - INFO - [app.py:167] - Iniciando servidor Flask...
2024-11-26 12:34:56,288 - werkzeug - WARNING - [_internal.py:97] -  * Debugger is active!
2024-11-26 12:34:56,294 - werkzeug - INFO - [_internal.py:97] -  * Debugger PIN: 116-940-259
2024-11-26 12:34:58,247 - BigMongoData - INFO - [app.py:120] - Conexión MongoDB verificada
2024-11-26 12:34:58,687 - BigMongoData - INFO - [app.py:133] - Conexión Neo4j verificada
2024-11-26 12:34:58,694 - BigMongoData - INFO - [app.py:138] - Estado de conexiones - MongoDB: True, Neo4j: True
2024-11-26 12:34:58,694 - BigMongoData - INFO - [app.py:101] - Acceso a la página principal
2024-11-26 12:34:58,771 - werkzeug - INFO - [_internal.py:97] - 127.0.0.1 - - [26/Nov/2024 12:34:58] "GET / HTTP/1.1" 200 -
2024-11-26 12:35:00,576 - BigMongoData - INFO - [app.py:120] - Conexión MongoDB verificada
2024-11-26 12:35:00,636 - BigMongoData - INFO - [app.py:133] - Conexión Neo4j verificada
2024-11-26 12:35:00,636 - BigMongoData - INFO - [app.py:138] - Estado de conexiones - MongoDB: True, Neo4j: True
2024-11-26 12:35:00,664 - BigMongoData - INFO - [app.py:120] - Conexión MongoDB verificada
2024-11-26 12:35:00,726 - BigMongoData - INFO - [app.py:133] - Conexión Neo4j verificada
2024-11-26 12:35:00,757 - BigMongoData - INFO - [app.py:138] - Estado de conexiones - MongoDB: True, Neo4j: True
2024-11-26 12:35:00,966 - BigMongoData - INFO - [app.py:120] - Conexión MongoDB verificada
2024-11-26 12:35:00,982 - werkzeug - INFO - [_internal.py:97] - 127.0.0.1 - - [26/Nov/2024 12:35:00] "[36mGET /static/css/search.css HTTP/1.1[0m" 304 -
2024-11-26 12:35:01,005 - BigMongoData - INFO - [app.py:120] - Conexión MongoDB verificada
2024-11-26 12:35:01,017 - werkzeug - INFO - [_internal.py:97] - 127.0.0.1 - - [26/Nov/2024 12:35:01] "[36mGET /static/css/main.css HTTP/1.1[0m" 304 -
2024-11-26 12:35:01,021 - BigMongoData - INFO - [app.py:120] - Conexión MongoDB verificada
2024-11-26 12:35:01,038 - BigMongoData - INFO - [app.py:133] - Conexión Neo4j verificada
2024-11-26 12:35:01,039 - BigMongoData - INFO - [app.py:138] - Estado de conexiones - MongoDB: True, Neo4j: True
2024-11-26 12:35:01,040 - werkzeug - INFO - [_internal.py:97] - 127.0.0.1 - - [26/Nov/2024 12:35:01] "[36mGET /static/js/graph-viewer.js HTTP/1.1[0m" 304 -
2024-11-26 12:35:01,070 - BigMongoData - INFO - [app.py:133] - Conexión Neo4j verificada
2024-11-26 12:35:01,070 - BigMongoData - INFO - [app.py:138] - Estado de conexiones - MongoDB: True, Neo4j: True
2024-11-26 12:35:01,099 - werkzeug - INFO - [_internal.py:97] - 127.0.0.1 - - [26/Nov/2024 12:35:01] "[36mGET /static/js/main.js HTTP/1.1[0m" 304 -
2024-11-26 12:35:01,109 - BigMongoData - INFO - [app.py:133] - Conexión Neo4j verificada
2024-11-26 12:35:01,109 - BigMongoData - INFO - [app.py:138] - Estado de conexiones - MongoDB: True, Neo4j: True
2024-11-26 12:35:01,132 - werkzeug - INFO - [_internal.py:97] - 127.0.0.1 - - [26/Nov/2024 12:35:01] "[36mGET /static/js/search.js HTTP/1.1[0m" 304 -
2024-11-26 12:35:02,629 - BigMongoData - INFO - [app.py:120] - Conexión MongoDB verificada
2024-11-26 12:35:02,676 - BigMongoData - INFO - [app.py:120] - Conexión MongoDB verificada
2024-11-26 12:35:02,692 - BigMongoData - INFO - [app.py:133] - Conexión Neo4j verificada
2024-11-26 12:35:02,692 - BigMongoData - INFO - [app.py:138] - Estado de conexiones - MongoDB: True, Neo4j: True
2024-11-26 12:35:02,692 - routes.search - INFO - [search.py:134] - Obteniendo estadísticas
2024-11-26 12:35:02,744 - BigMongoData - INFO - [app.py:133] - Conexión Neo4j verificada
2024-11-26 12:35:02,745 - BigMongoData - INFO - [app.py:138] - Estado de conexiones - MongoDB: True, Neo4j: True
2024-11-26 12:35:02,746 - routes.similitudes - INFO - [similitudes.py:87] - Buscando grafo para:   con similitud mínima de 0.0
2024-11-26 12:35:02,746 - routes.similitudes - INFO - [similitudes.py:133] - Ejecutando consulta con parámetros: {'min_score': 0.0}
2024-11-26 12:35:02,929 - routes.similitudes - INFO - [similitudes.py:161] - Filtrado completado: 787 relaciones cumplen el criterio de similitud
2024-11-26 12:35:02,960 - werkzeug - INFO - [_internal.py:97] - 127.0.0.1 - - [26/Nov/2024 12:35:02] "GET /api/graph/%20?min_score=0 HTTP/1.1" 200 -
2024-11-26 12:35:03,059 - routes.search - INFO - [search.py:162] - Estadísticas generadas exitosamente
2024-11-26 12:35:03,065 - werkzeug - INFO - [_internal.py:97] - 127.0.0.1 - - [26/Nov/2024 12:35:03] "GET /api/stats HTTP/1.1" 200 -
2024-11-26 12:35:04,522 - BigMongoData - INFO - [app.py:120] - Conexión MongoDB verificada
2024-11-26 12:35:04,807 - BigMongoData - INFO - [app.py:133] - Conexión Neo4j verificada
2024-11-26 12:35:04,870 - BigMongoData - INFO - [app.py:138] - Estado de conexiones - MongoDB: True, Neo4j: True
2024-11-26 12:35:04,870 - routes.search - INFO - [search.py:134] - Obteniendo estadísticas
2024-11-26 12:35:05,223 - routes.search - INFO - [search.py:162] - Estadísticas generadas exitosamente
2024-11-26 12:35:05,518 - werkzeug - INFO - [_internal.py:97] - 127.0.0.1 - - [26/Nov/2024 12:35:05] "GET /api/stats HTTP/1.1" 200 -
2024-11-26 12:35:07,204 - BigMongoData - INFO - [app.py:120] - Conexión MongoDB verificada
2024-11-26 12:35:07,270 - BigMongoData - INFO - [app.py:133] - Conexión Neo4j verificada
2024-11-26 12:35:07,319 - BigMongoData - INFO - [app.py:138] - Estado de conexiones - MongoDB: True, Neo4j: True
2024-11-26 12:35:07,320 - werkzeug - INFO - [_internal.py:97] - 127.0.0.1 - - [26/Nov/2024 12:35:07] "[36mGET /static/css/main.css HTTP/1.1[0m" 304 -
2024-11-26 12:35:07,533 - BigMongoData - INFO - [app.py:120] - Conexión MongoDB verificada
2024-11-26 12:35:07,628 - BigMongoData - INFO - [app.py:133] - Conexión Neo4j verificada
2024-11-26 12:35:07,685 - BigMongoData - INFO - [app.py:138] - Estado de conexiones - MongoDB: True, Neo4j: True
2024-11-26 12:35:07,687 - werkzeug - INFO - [_internal.py:97] - 127.0.0.1 - - [26/Nov/2024 12:35:07] "[36mGET /static/css/search.css HTTP/1.1[0m" 304 -
2024-11-26 12:35:38,072 - BigMongoData - INFO - [app.py:120] - Conexión MongoDB verificada
2024-11-26 12:35:38,135 - BigMongoData - INFO - [app.py:133] - Conexión Neo4j verificada
2024-11-26 12:35:38,135 - BigMongoData - INFO - [app.py:138] - Estado de conexiones - MongoDB: True, Neo4j: True
2024-11-26 12:35:38,135 - routes.search - INFO - [search.py:27] - Búsqueda de providencia específica: T-234-12
2024-11-26 12:35:38,258 - routes.search - INFO - [search.py:54] - Providencia no encontrada: T-234-12
2024-11-26 12:35:38,259 - werkzeug - INFO - [_internal.py:97] - 127.0.0.1 - - [26/Nov/2024 12:35:38] "GET /api/providencia/T-234-12 HTTP/1.1" 200 -
2024-11-26 12:35:51,257 - BigMongoData - INFO - [app.py:120] - Conexión MongoDB verificada
2024-11-26 12:35:51,343 - BigMongoData - INFO - [app.py:133] - Conexión Neo4j verificada
2024-11-26 12:35:51,348 - BigMongoData - INFO - [app.py:138] - Estado de conexiones - MongoDB: True, Neo4j: True
2024-11-26 12:35:51,349 - routes.search - INFO - [search.py:66] - Iniciando búsqueda general
2024-11-26 12:35:51,350 - routes.search - INFO - [search.py:73] - Parámetros limpios: {}
2024-11-26 12:35:51,350 - routes.search - INFO - [search.py:107] - Query final: {}
2024-11-26 12:35:52,164 - routes.search - INFO - [search.py:120] - Búsqueda completada. Resultados encontrados: 21
2024-11-26 12:35:52,176 - werkzeug - INFO - [_internal.py:97] - 127.0.0.1 - - [26/Nov/2024 12:35:52] "[35m[1mGET /api/search HTTP/1.1[0m" 21 -
2024-11-26 12:35:59,790 - BigMongoData - INFO - [app.py:120] - Conexión MongoDB verificada
2024-11-26 12:35:59,853 - BigMongoData - INFO - [app.py:133] - Conexión Neo4j verificada
2024-11-26 12:35:59,853 - BigMongoData - INFO - [app.py:138] - Estado de conexiones - MongoDB: True, Neo4j: True
2024-11-26 12:35:59,863 - routes.search - INFO - [search.py:66] - Iniciando búsqueda general
2024-11-26 12:35:59,863 - routes.search - INFO - [search.py:73] - Parámetros limpios: {'tipo': 'Tutela'}
2024-11-26 12:35:59,863 - routes.search - INFO - [search.py:107] - Query final: {'providencia': {'$regex': '^T-[0-9]{1,4}-[0-9]{2}$'}, 'tipo': 'Tutela'}
2024-11-26 12:36:00,551 - routes.search - INFO - [search.py:120] - Búsqueda completada. Resultados encontrados: 6
2024-11-26 12:36:00,551 - werkzeug - INFO - [_internal.py:97] - 127.0.0.1 - - [26/Nov/2024 12:36:00] "[35m[1mGET /api/search?tipo=Tutela HTTP/1.1[0m" 6 -
2024-11-26 12:36:07,190 - BigMongoData - INFO - [app.py:120] - Conexión MongoDB verificada
2024-11-26 12:36:07,240 - BigMongoData - INFO - [app.py:133] - Conexión Neo4j verificada
2024-11-26 12:36:07,240 - BigMongoData - INFO - [app.py:138] - Estado de conexiones - MongoDB: True, Neo4j: True
2024-11-26 12:36:07,240 - routes.search - INFO - [search.py:27] - Búsqueda de providencia específica: T-234-12
2024-11-26 12:36:07,367 - routes.search - INFO - [search.py:54] - Providencia no encontrada: T-234-12
2024-11-26 12:36:07,367 - werkzeug - INFO - [_internal.py:97] - 127.0.0.1 - - [26/Nov/2024 12:36:07] "GET /api/providencia/T-234-12 HTTP/1.1" 200 -
2024-11-26 12:36:08,670 - BigMongoData - INFO - [app.py:120] - Conexión MongoDB verificada
2024-11-26 12:36:08,732 - BigMongoData - INFO - [app.py:133] - Conexión Neo4j verificada
2024-11-26 12:36:08,732 - BigMongoData - INFO - [app.py:138] - Estado de conexiones - MongoDB: True, Neo4j: True
2024-11-26 12:36:08,733 - routes.search - INFO - [search.py:66] - Iniciando búsqueda general
2024-11-26 12:36:08,734 - routes.search - INFO - [search.py:73] - Parámetros limpios: {'tipo': 'Tutela'}
2024-11-26 12:36:08,734 - routes.search - INFO - [search.py:107] - Query final: {'providencia': {'$regex': '^T-[0-9]{1,4}-[0-9]{2}$'}, 'tipo': 'Tutela'}
2024-11-26 12:36:09,430 - routes.search - INFO - [search.py:120] - Búsqueda completada. Resultados encontrados: 6
2024-11-26 12:36:09,435 - werkzeug - INFO - [_internal.py:97] - 127.0.0.1 - - [26/Nov/2024 12:36:09] "[35m[1mGET /api/search?tipo=Tutela HTTP/1.1[0m" 6 -
